<?xml version="1.0" encoding="UTF-8"?>
<!-- Generated by org.testng.reporters.JUnitXMLReporter -->
<testsuite hostname="PRAJWAL-PC" ignored="2" name="Default test" tests="1" failures="0" timestamp="22 Jul 2021 08:39:23 GMT" time="2.742" errors="0">
  <testcase name="actionClassMethods" time="2.721" classname="com.test.ActionClassDemo"/>
  <testcase name="dragAndDropSMethod" time="0.0" classname="com.test.ActionClassDemo">
    <ignored/>
  </testcase> <!-- dragAndDropSMethod -->
  <testcase name="site" time="0.0" classname="com.test.ActionClassDemo">
    <ignored/>
  </testcase> <!-- site -->
</testsuite> <!-- Default test -->
