<?xml version="1.0" encoding="UTF-8"?>
<!-- Generated by org.testng.reporters.JUnitXMLReporter -->
<testsuite hostname="PRAJWAL-PC" ignored="0" name="Test" tests="10" failures="2" timestamp="2021-07-10T10:29:48 IST" time="53.299" errors="0">
  <testcase name="Test01" time="7.415" classname="com.test.DemoTest"/>
  <testcase name="verifyTable" time="8.917" classname="com.test.DemoTest"/>
  <testcase name="test01" time="6.311" classname="com.test.DemoTest1"/>
  <testcase name="verifyExcleData" time="0.132" classname="com.test.DemoTest1"/>
  <testcase name="emailTest" time="0.045" classname="com.test.AddUserTest">
    <failure type="java.lang.NullPointerException">
      <![CDATA[java.lang.NullPointerException
at com.test.AddUserTest.getCellData(AddUserTest.java:39)
at com.test.AddUserTest.emailTest(AddUserTest.java:92)
at java.util.ArrayList.forEach(ArrayList.java:1257)
... Removed 31 stack frames]]>
    </failure>
  </testcase> <!-- emailTest -->
  <testcase name="mobileTest" time="0.335" classname="com.test.AddUserTest"/>
  <testcase name="verifyAddUser" time="6.231" classname="com.test.AddUserTest"/>
  <testcase name="maxTimeCount" time="0.109" classname="com.test.OperatorTest"/>
  <testcase name="verifyDetailDescOfRole" time="0.122" classname="com.test.OperatorTest"/>
  <testcase name="verifyUserWithAndTimingContact" time="1.477" classname="com.test.OperatorTest">
    <failure type="java.lang.AssertionError" message="Maps do not match for key:Neelam actual:[7066885937, 09:00 AM to 06:00 PM Monday-Saturday] expected:[7066885937, 09:00 AM to 06:00 PM Monday-Saturday]">
      <![CDATA[java.lang.AssertionError: Maps do not match for key:Neelam actual:[7066885937, 09:00 AM to 06:00 PM Monday-Saturday] expected:[7066885937, 09:00 AM to 06:00 PM Monday-Saturday]
at com.test.OperatorTest.verifyUserWithAndTimingContact(OperatorTest.java:73)
at java.util.ArrayList.forEach(ArrayList.java:1257)
... Removed 34 stack frames]]>
    </failure>
  </testcase> <!-- verifyUserWithAndTimingContact -->
</testsuite> <!-- Test -->
