<?xml version="1.0" encoding="UTF-8"?>
<testsuite xmlns:xsi="http://www.w3.org/2001/XMLSchema-instance" xsi:noNamespaceSchemaLocation="https://maven.apache.org/surefire/maven-surefire-plugin/xsd/surefire-test-report-3.0.xsd" version="3.0" name="TestSuite" time="56.413" tests="10" errors="0" skipped="0" failures="2">
  <properties>
[...]
</properties>
  <testcase name="Test01" classname="com.test.DemoTest" time="7.451">
    <system-err><![CDATA[Starting ChromeDriver 90.0.4430.24 (4c6d850f087da467d926e8eddb76550aed655991-refs/branch-heads/4430@{#429}) on port 48389
Only local connections are allowed.
Please see https://chromedriver.chromium.org/security-considerations for suggestions on keeping ChromeDriver safe.
ChromeDriver was started successfully.
[1625893136.718][WARNING]: This version of ChromeDriver has not been tested with Chrome version 91.
Jul 10, 2021 10:28:57 AM org.openqa.selenium.remote.ProtocolHandshake createSession
INFO: Detected dialect: W3C
]]></system-err>
  </testcase>
  <testcase name="verifyTable" classname="com.test.DemoTest" time="8.956">
    <system-out><![CDATA[{1=[Kiran, kiran@gmail.com, 9898989898, Java/J2EE, Male, Maharashtra, Delete], 2=[Sagar, sagar@gmail.com, 999999999, Selenium, Male, Punjab, Delete], #=[Username, Email, Mobile, Course, Gender, State, Action], 3=[Monica, monica@gmail.com, 1111111111, Python, Female, Maharashtra, Delete], 4=[Kimaya, kimaya@gmail.com, 999999999, PHP, Female, Punjab, Delete]}
{1=[Kiran, kiran@gmail.com, 9898989898, Java/J2EE, Male, Maharashtra, Delete], 2=[Sagar, sagar@gmail.com, 999999999, Selenium, Male, Punjab, Delete], #=[Username, Email, Mobile, Course, Gender, State, Action], 3=[Monica, monica@gmail.com, 1111111111, Python, Female, Maharashtra, Delete], 4=[Kimaya, kimaya@gmail.com, 999999999, PHP, Female, Punjab, Delete]}
]]></system-out>
    <system-err><![CDATA[Starting ChromeDriver 90.0.4430.24 (4c6d850f087da467d926e8eddb76550aed655991-refs/branch-heads/4430@{#429}) on port 26348
Only local connections are allowed.
Please see https://chromedriver.chromium.org/security-considerations for suggestions on keeping ChromeDriver safe.
ChromeDriver was started successfully.
[1625893143.494][WARNING]: This version of ChromeDriver has not been tested with Chrome version 91.
Jul 10, 2021 10:29:03 AM org.openqa.selenium.remote.ProtocolHandshake createSession
INFO: Detected dialect: W3C
Warning:  Cannot determine link type
Warning:  Cannot determine link type
Warning:  Cannot determine link type
Warning:  Cannot determine link type
Warning:  Cannot determine link type
Warning:  Cannot determine link type
Warning:  Cannot determine link type
Warning:  Cannot determine link type
Warning:  Cannot determine link type
Warning:  Cannot determine link type
Warning:  Cannot determine link type
Warning:  Cannot determine link type
Warning:  Cannot determine link type
Warning:  Cannot determine link type
Warning:  Cannot determine link type
Warning:  Cannot determine link type
Warning:  Cannot determine link type
Warning:  Cannot determine link type
Warning:  Cannot determine link type
Warning:  Cannot determine link type
Warning:  Cannot determine link type
Warning:  Cannot determine link type
Warning:  Cannot determine link type
Warning:  Cannot determine link type
Warning:  Cannot determine link type
Warning:  Cannot determine link type
Warning:  Cannot determine link type
Warning:  Cannot determine link type
Warning:  Cannot determine link type
Warning:  Cannot determine link type
Warning:  Cannot determine link type
Warning:  Cannot determine link type
Warning:  Cannot determine link type
Warning:  Cannot determine link type
Warning:  Cannot determine link type
Warning:  Cannot determine link type
Warning:  Cannot determine link type
Warning:  Cannot determine link type
Warning:  Cannot determine link type
Warning:  Cannot determine link type
Warning:  Cannot determine link type
Warning:  Cannot determine link type
Warning:  Cannot determine link type
Warning:  Cannot determine link type
Warning:  Cannot determine link type
Warning:  Cannot determine link type
Warning:  Cannot determine link type
Warning:  Cannot determine link type
Warning:  Cannot determine link type
Warning:  Cannot determine link type
Warning:  Cannot determine link type
Warning:  Cannot determine link type
Warning:  Cannot determine link type
Warning:  Cannot determine link type
Warning:  Cannot determine link type
Warning:  Cannot determine link type
Warning:  Cannot determine link type
Warning:  Cannot determine link type
Warning:  Cannot determine link type
Warning:  Cannot determine link type
Warning:  Cannot determine link type
Warning:  Cannot determine link type
Warning:  Cannot determine link type
Warning:  Cannot determine link type
Warning:  Cannot determine link type
Warning:  Cannot determine link type
Warning:  Cannot determine link type
Warning:  Cannot determine link type
Warning:  Cannot determine link type
Warning:  Cannot determine link type
Warning:  Cannot determine link type
Warning:  Cannot determine link type
Warning:  Cannot determine link type
Warning:  Cannot determine link type
Warning:  Cannot determine link type
Warning:  Cannot determine link type
Warning:  Cannot determine link type
Warning:  Cannot determine link type
Warning:  Cannot determine link type
Warning:  Cannot determine link type
Warning:  Cannot determine link type
Warning:  Cannot determine link type
Warning:  Cannot determine link type
Warning:  Cannot determine link type
Warning:  Cannot determine link type
Warning:  Cannot determine link type
Warning:  Cannot determine link type
Warning:  Cannot determine link type
Warning:  Cannot determine link type
Warning:  Cannot determine link type
Warning:  Cannot determine link type
Warning:  Cannot determine link type
Warning:  Cannot determine link type
Warning:  Cannot determine link type
Warning:  Cannot determine link type
Warning:  Cannot determine link type
Warning:  Cannot determine link type
Warning:  Cannot determine link type
Warning:  Cannot determine link type
Warning:  Cannot determine link type
Warning:  Cannot determine link type
Warning:  Cannot determine link type
Warning:  Cannot determine link type
Warning:  Cannot determine link type
Warning:  Cannot determine link type
Warning:  Cannot determine link type
Warning:  Cannot determine link type
Warning:  Cannot determine link type
Warning:  Cannot determine link type
Warning:  Cannot determine link type
Warning:  Cannot determine link type
Warning:  Cannot determine link type
Warning:  Cannot determine link type
Warning:  Cannot determine link type
Warning:  Cannot determine link type
Warning:  Cannot determine link type
Warning:  Cannot determine link type
Warning:  Cannot determine link type
Warning:  Cannot determine link type
Warning:  Cannot determine link type
Warning:  Cannot determine link type
Warning:  Cannot determine link type
Warning:  Cannot determine link type
Warning:  Cannot determine link type
Warning:  Cannot determine link type
Warning:  Cannot determine link type
Warning:  Cannot determine link type
Warning:  Cannot determine link type
Warning:  Cannot determine link type
Warning:  Cannot determine link type
Warning:  Cannot determine link type
Warning:  Cannot determine link type
Warning:  Cannot determine link type
Warning:  Cannot determine link type
Warning:  Cannot determine link type
Warning:  Cannot determine link type
Warning:  Cannot determine link type
Warning:  Cannot determine link type
Warning:  Cannot determine link type
Warning:  Cannot determine link type
Warning:  Cannot determine link type
Warning:  Cannot determine link type
Warning:  Cannot determine link type
Warning:  Cannot determine link type
Warning:  Cannot determine link type
Warning:  Cannot determine link type
Warning:  Cannot determine link type
Warning:  Cannot determine link type
Warning:  Cannot determine link type
Warning:  Cannot determine link type
Warning:  Cannot determine link type
Warning:  Cannot determine link type
Warning:  Cannot determine link type
Warning:  Cannot determine link type
Warning:  Cannot determine link type
Warning:  Cannot determine link type
Warning:  Cannot determine link type
Warning:  Cannot determine link type
Warning:  Cannot determine link type
Warning:  Cannot determine link type
]]></system-err>
  </testcase>
  <testcase name="test01" classname="com.test.DemoTest1" time="6.302">
    <system-err><![CDATA[Starting ChromeDriver 90.0.4430.24 (4c6d850f087da467d926e8eddb76550aed655991-refs/branch-heads/4430@{#429}) on port 14943
Only local connections are allowed.
Please see https://chromedriver.chromium.org/security-considerations for suggestions on keeping ChromeDriver safe.
ChromeDriver was started successfully.
[1625893152.538][WARNING]: This version of ChromeDriver has not been tested with Chrome version 91.
Jul 10, 2021 10:29:12 AM org.openqa.selenium.remote.ProtocolHandshake createSession
INFO: Detected dialect: W3C
]]></system-err>
  </testcase>
  <testcase name="verifyExcleData" classname="com.test.DemoTest1" time="0.111">
    <system-out><![CDATA[0 : [Name, Gender, Kiran, Male, Sagar, Male, Monica, Female, Kimaya, Female]
1 : [Name, Gender, Kiran, Male, Sagar, Male, Monica, Female, Kimaya, Female]
2 : [Name, Gender, Kiran, Male, Sagar, Male, Monica, Female, Kimaya, Female]
3 : [Name, Gender, Kiran, Male, Sagar, Male, Monica, Female, Kimaya, Female]
4 : [Name, Gender, Kiran, Male, Sagar, Male, Monica, Female, Kimaya, Female]
]]></system-out>
  </testcase>
  <testcase name="emailTest" classname="com.test.AddUserTest" time="0.038">
    <failure type="java.lang.NullPointerException"><![CDATA[java.lang.NullPointerException
	at com.test.AddUserTest.getCellData(AddUserTest.java:39)
	at com.test.AddUserTest.emailTest(AddUserTest.java:92)
]]></failure>
    <system-err><![CDATA[Starting ChromeDriver 90.0.4430.24 (4c6d850f087da467d926e8eddb76550aed655991-refs/branch-heads/4430@{#429}) on port 42910
Only local connections are allowed.
Please see https://chromedriver.chromium.org/security-considerations for suggestions on keeping ChromeDriver safe.
ChromeDriver was started successfully.
[1625893158.596][WARNING]: This version of ChromeDriver has not been tested with Chrome version 91.
Jul 10, 2021 10:29:18 AM org.openqa.selenium.remote.ProtocolHandshake createSession
INFO: Detected dialect: W3C
java.io.FileNotFoundException: emailTest.xls (The system cannot find the file specified)
	at java.io.FileInputStream.open0(Native Method)
	at java.io.FileInputStream.open(FileInputStream.java:195)
	at java.io.FileInputStream.<init>(FileInputStream.java:138)
	at java.io.FileInputStream.<init>(FileInputStream.java:93)
	at com.test.AddUserTest.getCellData(AddUserTest.java:34)
	at com.test.AddUserTest.emailTest(AddUserTest.java:92)
	at sun.reflect.NativeMethodAccessorImpl.invoke0(Native Method)
	at sun.reflect.NativeMethodAccessorImpl.invoke(NativeMethodAccessorImpl.java:62)
	at sun.reflect.DelegatingMethodAccessorImpl.invoke(DelegatingMethodAccessorImpl.java:43)
	at java.lang.reflect.Method.invoke(Method.java:498)
	at org.testng.internal.MethodInvocationHelper.invokeMethod(MethodInvocationHelper.java:133)
	at org.testng.internal.TestInvoker.invokeMethod(TestInvoker.java:598)
	at org.testng.internal.TestInvoker.invokeTestMethod(TestInvoker.java:173)
	at org.testng.internal.MethodRunner.runInSequence(MethodRunner.java:46)
	at org.testng.internal.TestInvoker$MethodInvocationAgent.invoke(TestInvoker.java:824)
	at org.testng.internal.TestInvoker.invokeTestMethods(TestInvoker.java:146)
	at org.testng.internal.TestMethodWorker.invokeTestMethods(TestMethodWorker.java:146)
	at org.testng.internal.TestMethodWorker.run(TestMethodWorker.java:128)
	at java.util.ArrayList.forEach(ArrayList.java:1257)
	at org.testng.TestRunner.privateRun(TestRunner.java:794)
	at org.testng.TestRunner.run(TestRunner.java:596)
	at org.testng.SuiteRunner.runTest(SuiteRunner.java:377)
	at org.testng.SuiteRunner.runSequentially(SuiteRunner.java:371)
	at org.testng.SuiteRunner.privateRun(SuiteRunner.java:332)
	at org.testng.SuiteRunner.run(SuiteRunner.java:276)
	at org.testng.SuiteRunnerWorker.runSuite(SuiteRunnerWorker.java:53)
	at org.testng.SuiteRunnerWorker.run(SuiteRunnerWorker.java:96)
	at org.testng.TestNG.runSuitesSequentially(TestNG.java:1212)
	at org.testng.TestNG.runSuitesLocally(TestNG.java:1134)
	at org.testng.TestNG.runSuites(TestNG.java:1063)
	at org.testng.TestNG.run(TestNG.java:1031)
	at org.apache.maven.surefire.testng.TestNGExecutor.run(TestNGExecutor.java:284)
	at org.apache.maven.surefire.testng.TestNGXmlTestSuite.execute(TestNGXmlTestSuite.java:75)
	at org.apache.maven.surefire.testng.TestNGProvider.invoke(TestNGProvider.java:119)
	at org.apache.maven.surefire.booter.ForkedBooter.runSuitesInProcess(ForkedBooter.java:428)
	at org.apache.maven.surefire.booter.ForkedBooter.execute(ForkedBooter.java:162)
	at org.apache.maven.surefire.booter.ForkedBooter.run(ForkedBooter.java:562)
	at org.apache.maven.surefire.booter.ForkedBooter.main(ForkedBooter.java:548)
]]></system-err>
  </testcase>
  <testcase name="mobileTest" classname="com.test.AddUserTest" time="0.33"/>
  <testcase name="verifyAddUser" classname="com.test.AddUserTest" time="6.232"/>
  <testcase name="maxTimeCount" classname="com.test.OperatorTest" time="0.098">
    <system-out><![CDATA[07:00 AM  10:00 PM
wroking hours: 15.0
15.0
09:00 AM  06:00 PM
wroking hours: 9.0
9.0
09:00 AM  06:00 PM
wroking hours: 9.0
9.0
09:00 AM  06:00 PM
wroking hours: 9.0
9.0
08:30 AM  02:00 PM
wroking hours: 6.0
6.0
]]></system-out>
    <system-err><![CDATA[Starting ChromeDriver 90.0.4430.24 (4c6d850f087da467d926e8eddb76550aed655991-refs/branch-heads/4430@{#429}) on port 15070
Only local connections are allowed.
Please see https://chromedriver.chromium.org/security-considerations for suggestions on keeping ChromeDriver safe.
ChromeDriver was started successfully.
[1625893170.848][WARNING]: This version of ChromeDriver has not been tested with Chrome version 91.
Jul 10, 2021 10:29:30 AM org.openqa.selenium.remote.ProtocolHandshake createSession
INFO: Detected dialect: W3C
]]></system-err>
  </testcase>
  <testcase name="verifyDetailDescOfRole" classname="com.test.OperatorTest" time="0.116">
    <system-out><![CDATA[Errors, Software, Technical Materials
Fees, ID Card, Certificates, WhatsApp Group, Enquiry
Course Details, Fees, Enquiry
]]></system-out>
    <system-err><![CDATA[Starting ChromeDriver 90.0.4430.24 (4c6d850f087da467d926e8eddb76550aed655991-refs/branch-heads/4430@{#429}) on port 28056
Only local connections are allowed.
Please see https://chromedriver.chromium.org/security-considerations for suggestions on keeping ChromeDriver safe.
ChromeDriver was started successfully.
[1625893176.414][WARNING]: This version of ChromeDriver has not been tested with Chrome version 91.
Jul 10, 2021 10:29:36 AM org.openqa.selenium.remote.ProtocolHandshake createSession
INFO: Detected dialect: W3C
]]></system-err>
  </testcase>
  <testcase name="verifyUserWithAndTimingContact" classname="com.test.OperatorTest" time="1.472">
    <failure message="Maps do not match for key:Neelam actual:[7066885937, 09:00 AM to 06:00 PM Monday-Saturday] expected:[7066885937, 09:00 AM to 06:00 PM Monday-Saturday]" type="java.lang.AssertionError"><![CDATA[java.lang.AssertionError: Maps do not match for key:Neelam actual:[7066885937, 09:00 AM to 06:00 PM Monday-Saturday] expected:[7066885937, 09:00 AM to 06:00 PM Monday-Saturday]
	at com.test.OperatorTest.verifyUserWithAndTimingContact(OperatorTest.java:73)
]]></failure>
    <system-out><![CDATA[The Actual HashMap With Name,Contact,Time for available
{Neelam=[7066885937, 09:00 AM to 06:00 PM Monday-Saturday], Kiran=[9552343698, 07:00 AM to 10:00 PM Monday-Sunday], Seema=[8888558802, 09:00 AM to 06:00 PM Monday-Saturday], Varsha=[8888809416, 09:00 AM to 06:00 PM Monday to Friday and Sunday], Darshit=[8866888662, 08:30 AM to 02:00 PM Saturday-Sunday]}
The Expected HashMap With Name,Contact,Time for available
{Neelam=[7066885937, 09:00 AM to 06:00 PM Monday-Saturday], Kiran=[9552343698, 07:00 AM to 10:00 PM Monday-Sunday], Seema=[8888558802, 09:00 AM to 06:00 PM Monday-Saturday], Varsha=[8888809416, 09:00 AM to 06:00 PM Monday to Friday and Sunday], Darshit=[8866888662, 08:30 AM to 02:00 PM Saturday-Sunday]}
]]></system-out>
    <system-err><![CDATA[Starting ChromeDriver 90.0.4430.24 (4c6d850f087da467d926e8eddb76550aed655991-refs/branch-heads/4430@{#429}) on port 14311
Only local connections are allowed.
Please see https://chromedriver.chromium.org/security-considerations for suggestions on keeping ChromeDriver safe.
ChromeDriver was started successfully.
[1625893182.047][WARNING]: This version of ChromeDriver has not been tested with Chrome version 91.
Jul 10, 2021 10:29:42 AM org.openqa.selenium.remote.ProtocolHandshake createSession
INFO: Detected dialect: W3C
]]></system-err>
  </testcase>
</testsuite>