<?xml version="1.0" encoding="UTF-8"?>
<testng-results skipped="0" failed="0" ignored="2" total="3" passed="1">
  <reporter-output>
  </reporter-output>
  <suite name="Default suite" duration-ms="2742" started-at="2021-07-22T08:39:20Z" finished-at="2021-07-22T08:39:23Z">
    <groups>
    </groups>
    <test name="Default test" duration-ms="2742" started-at="2021-07-22T08:39:20Z" finished-at="2021-07-22T08:39:23Z">
      <class name="com.test.ActionClassDemo">
        <test-method status="PASS" signature="setUp()[pri:0, instance:com.test.ActionClassDemo@27efef64]" name="setUp" is-config="true" duration-ms="2370" started-at="2021-07-22T14:09:18Z" finished-at="2021-07-22T14:09:20Z">
          <reporter-output>
          </reporter-output>
        </test-method> <!-- setUp -->
        <test-method status="PASS" signature="actionClassMethods()[pri:0, instance:com.test.ActionClassDemo@27efef64]" name="actionClassMethods" duration-ms="2721" started-at="2021-07-22T14:09:20Z" finished-at="2021-07-22T14:09:23Z">
          <reporter-output>
          </reporter-output>
        </test-method> <!-- actionClassMethods -->
      </class> <!-- com.test.ActionClassDemo -->
    </test> <!-- Default test -->
  </suite> <!-- Default suite -->
</testng-results>
